# JRE version: OpenJDK Runtime Environment (8.0_242-b01) (build 1.8.0_242-release-1644-b01)
# Java VM: OpenJDK 64-Bit Server VM (25.242-b01 mixed mode windows-amd64 compressed oops)
Heap:
 PSYoungGen      total 196608K, used 28284K [0x00000000e0000000, 0x00000000f1000000, 0x0000000100000000)
  eden space 175104K, 16% used [0x00000000e0000000,0x00000000e1b9f380,0x00000000eab00000)
  from space 21504K, 0% used [0x00000000eab00000,0x00000000eab00000,0x00000000ec000000)
  to   space 20992K, 0% used [0x00000000efb80000,0x00000000efb80000,0x00000000f1000000)
 ParOldGen       total 172544K, used 37749K [0x00000000a0000000, 0x00000000aa880000, 0x00000000e0000000)
  object space 172544K, 21% used [0x00000000a0000000,0x00000000a24dd4b8,0x00000000aa880000)
 Metaspace       used 57717K, capacity 60014K, committed 60200K, reserved 1101824K
  class space    used 7878K, capacity 8487K, committed 8496K, reserved 1048576K
GC Heap History (10 events):
Event: 7.375 GC heap before
{Heap before GC invocations=10 (full 2):
 PSYoungGen      total 154112K, used 9683K [0x00000000e0000000, 0x00000000eb200000, 0x0000000100000000)
  eden space 141824K, 0% used [0x00000000e0000000,0x00000000e0000000,0x00000000e8a80000)
  from space 12288K, 78% used [0x00000000e9700000,0x00000000ea074d88,0x00000000ea300000)
  to   space 12800K, 0% used [0x00000000e8a80000,0x00000000e8a80000,0x00000000e9700000)
 ParOldGen       total 72192K, used 8010K [0x00000000a0000000, 0x00000000a4680000, 0x00000000e0000000)
  object space 72192K, 11% used [0x00000000a0000000,0x00000000a07d2bb0,0x00000000a4680000)
 Metaspace       used 34441K, capacity 35370K, committed 35496K, reserved 1079296K
  class space    used 4718K, capacity 4966K, committed 5040K, reserved 1048576K
Event: 7.462 GC heap after
Heap after GC invocations=10 (full 2):
 PSYoungGen      total 154112K, used 0K [0x00000000e0000000, 0x00000000eb200000, 0x0000000100000000)
  eden space 141824K, 0% used [0x00000000e0000000,0x00000000e0000000,0x00000000e8a80000)
  from space 12288K, 0% used [0x00000000e9700000,0x00000000e9700000,0x00000000ea300000)
  to   space 12800K, 0% used [0x00000000e8a80000,0x00000000e8a80000,0x00000000e9700000)
 ParOldGen       total 111104K, used 16247K [0x00000000a0000000, 0x00000000a6c80000, 0x00000000e0000000)
  object space 111104K, 14% used [0x00000000a0000000,0x00000000a0fdde80,0x00000000a6c80000)
 Metaspace       used 34441K, capacity 35370K, committed 35496K, reserved 1079296K
  class space    used 4718K, capacity 4966K, committed 5040K, reserved 1048576K
}
Event: 9.824 GC heap before
{Heap before GC invocations=11 (full 2):
 PSYoungGen      total 154112K, used 141824K [0x00000000e0000000, 0x00000000eb200000, 0x0000000100000000)
  eden space 141824K, 100% used [0x00000000e0000000,0x00000000e8a80000,0x00000000e8a80000)
  from space 12288K, 0% used [0x00000000e9700000,0x00000000e9700000,0x00000000ea300000)
  to   space 12800K, 0% used [0x00000000e8a80000,0x00000000e8a80000,0x00000000e9700000)
 ParOldGen       total 111104K, used 16247K [0x00000000a0000000, 0x00000000a6c80000, 0x00000000e0000000)
  object space 111104K, 14% used [0x00000000a0000000,0x00000000a0fdde80,0x00000000a6c80000)
 Metaspace       used 45876K, capacity 47526K, committed 47656K, reserved 1089536K
  class space    used 6196K, capacity 6627K, committed 6704K, reserved 1048576K
Event: 9.836 GC heap after
Heap after GC invocations=11 (full 2):
 PSYoungGen      total 154624K, used 12771K [0x00000000e0000000, 0x00000000ecf80000, 0x0000000100000000)
  eden space 141824K, 0% used [0x00000000e0000000,0x00000000e0000000,0x00000000e8a80000)
  from space 12800K, 99% used [0x00000000e8a80000,0x00000000e96f8d48,0x00000000e9700000)
  to   space 15872K, 0% used [0x00000000ec000000,0x00000000ec000000,0x00000000ecf80000)
 ParOldGen       total 111104K, used 20905K [0x00000000a0000000, 0x00000000a6c80000, 0x00000000e0000000)
  object space 111104K, 18% used [0x00000000a0000000,0x00000000a146a5f8,0x00000000a6c80000)
 Metaspace       used 45876K, capacity 47526K, committed 47656K, reserved 1089536K
  class space    used 6196K, capacity 6627K, committed 6704K, reserved 1048576K
}
Event: 11.149 GC heap before
{Heap before GC invocations=12 (full 2):
 PSYoungGen      total 154624K, used 154595K [0x00000000e0000000, 0x00000000ecf80000, 0x0000000100000000)
  eden space 141824K, 100% used [0x00000000e0000000,0x00000000e8a80000,0x00000000e8a80000)
  from space 12800K, 99% used [0x00000000e8a80000,0x00000000e96f8d48,0x00000000e9700000)
  to   space 15872K, 0% used [0x00000000ec000000,0x00000000ec000000,0x00000000ecf80000)
 ParOldGen       total 111104K, used 20905K [0x00000000a0000000, 0x00000000a6c80000, 0x00000000e0000000)
  object space 111104K, 18% used [0x00000000a0000000,0x00000000a146a5f8,0x00000000a6c80000)
 Metaspace       used 55370K, capacity 57414K, committed 57640K, reserved 1099776K
  class space    used 7486K, capacity 7977K, committed 7984K, reserved 1048576K
Event: 11.171 GC heap after
Heap after GC invocations=12 (full 2):
 PSYoungGen      total 190976K, used 15850K [0x00000000e0000000, 0x00000000edb80000, 0x0000000100000000)
  eden space 175104K, 0% used [0x00000000e0000000,0x00000000e0000000,0x00000000eab00000)
  from space 15872K, 99% used [0x00000000ec000000,0x00000000ecf7a9c0,0x00000000ecf80000)
  to   space 21504K, 0% used [0x00000000eab00000,0x00000000eab00000,0x00000000ec000000)
 ParOldGen       total 111104K, used 29989K [0x00000000a0000000, 0x00000000a6c80000, 0x00000000e0000000)
  object space 111104K, 26% used [0x00000000a0000000,0x00000000a1d49470,0x00000000a6c80000)
 Metaspace       used 55370K, capacity 57414K, committed 57640K, reserved 1099776K
  class space    used 7486K, capacity 7977K, committed 7984K, reserved 1048576K
}
Event: 11.558 GC heap before
{Heap before GC invocations=13 (full 2):
 PSYoungGen      total 190976K, used 84872K [0x00000000e0000000, 0x00000000edb80000, 0x0000000100000000)
  eden space 175104K, 39% used [0x00000000e0000000,0x00000000e4367a10,0x00000000eab00000)
  from space 15872K, 99% used [0x00000000ec000000,0x00000000ecf7a9c0,0x00000000ecf80000)
  to   space 21504K, 0% used [0x00000000eab00000,0x00000000eab00000,0x00000000ec000000)
 ParOldGen       total 111104K, used 29989K [0x00000000a0000000, 0x00000000a6c80000, 0x00000000e0000000)
  object space 111104K, 26% used [0x00000000a0000000,0x00000000a1d49470,0x00000000a6c80000)
 Metaspace       used 56899K, capacity 59092K, committed 59160K, reserved 1099776K
  class space    used 7739K, capacity 8306K, committed 8368K, reserved 1048576K
Event: 11.577 GC heap after
Heap after GC invocations=13 (full 2):
 PSYoungGen      total 196608K, used 6702K [0x00000000e0000000, 0x00000000f1000000, 0x0000000100000000)
  eden space 175104K, 0% used [0x00000000e0000000,0x00000000e0000000,0x00000000eab00000)
  from space 21504K, 31% used [0x00000000eab00000,0x00000000eb18bbb0,0x00000000ec000000)
  to   space 20992K, 0% used [0x00000000efb80000,0x00000000efb80000,0x00000000f1000000)
 ParOldGen       total 111104K, used 45770K [0x00000000a0000000, 0x00000000a6c80000, 0x00000000e0000000)
  object space 111104K, 41% used [0x00000000a0000000,0x00000000a2cb2b38,0x00000000a6c80000)
 Metaspace       used 56899K, capacity 59092K, committed 59160K, reserved 1099776K
  class space    used 7739K, capacity 8306K, committed 8368K, reserved 1048576K
}
Event: 11.577 GC heap before
{Heap before GC invocations=14 (full 3):
 PSYoungGen      total 196608K, used 6702K [0x00000000e0000000, 0x00000000f1000000, 0x0000000100000000)
  eden space 175104K, 0% used [0x00000000e0000000,0x00000000e0000000,0x00000000eab00000)
  from space 21504K, 31% used [0x00000000eab00000,0x00000000eb18bbb0,0x00000000ec000000)
  to   space 20992K, 0% used [0x00000000efb80000,0x00000000efb80000,0x00000000f1000000)
 ParOldGen       total 111104K, used 45770K [0x00000000a0000000, 0x00000000a6c80000, 0x00000000e0000000)
  object space 111104K, 41% used [0x00000000a0000000,0x00000000a2cb2b38,0x00000000a6c80000)
 Metaspace       used 56899K, capacity 59092K, committed 59160K, reserved 1099776K
  class space    used 7739K, capacity 8306K, committed 8368K, reserved 1048576K
Event: 11.792 GC heap after
Heap after GC invocations=14 (full 3):
 PSYoungGen      total 196608K, used 0K [0x00000000e0000000, 0x00000000f1000000, 0x0000000100000000)
  eden space 175104K, 0% used [0x00000000e0000000,0x00000000e0000000,0x00000000eab00000)
  from space 21504K, 0% used [0x00000000eab00000,0x00000000eab00000,0x00000000ec000000)
  to   space 20992K, 0% used [0x00000000efb80000,0x00000000efb80000,0x00000000f1000000)
 ParOldGen       total 172544K, used 37749K [0x00000000a0000000, 0x00000000aa880000, 0x00000000e0000000)
  object space 172544K, 21% used [0x00000000a0000000,0x00000000a24dd4b8,0x00000000aa880000)
 Metaspace       used 56868K, capacity 58984K, committed 59160K, reserved 1099776K
  class space    used 7729K, capacity 8288K, committed 8368K, reserved 1048576K
}

